test_upper_case_names (__main__.TestExercice.test_upper_case_names) ... FAIL

======================================================================
FAIL: test_upper_case_names (__main__.TestExercice.test_upper_case_names)
----------------------------------------------------------------------
Traceback (most recent call last):
  File "/Users/sergilenyouvop/INF1007/chapitre-02-Sn-goat/test_exercice.py", line 18, in test_upper_case_names
    self.assertListEqual(
AssertionError: Lists differ: ['nord', 'alcool', 'nerveux', 'examen', 'sa[48 chars]bet'] != ['NORD', 'ALCOOL', 'NERVEUX', 'EXAMEN', 'SA[48 chars]BET']

First differing element 0:
'nord'
'NORD'

- ['nord',
-  'alcool',
-  'nerveux',
-  'examen',
-  'sabot',
-  'divertir',
-  'association',
-  'pluie',
-  'alphabet']
+ ['NORD',
+  'ALCOOL',
+  'NERVEUX',
+  'EXAMEN',
+  'SABOT',
+  'DIVERTIR',
+  'ASSOCIATION',
+  'PLUIE',
+  'ALPHABET'] : Toutes les lettres doivent Ãªtre en majuscule.

----------------------------------------------------------------------
Ran 1 test in 0.002s

FAILED (failures=1)
